Flights,Sanjose,Hyderabad
Cars,SanFransisco
Flights,Paris,Berlin
Hotels,Austin
Cars,Sanjose
Hotels,Austin
Hotels, Arizona
Flights,Atlanta,Canberra
Cars,Milpitas
Cars,TEMPE
Cars,Irvine
Cars,Hyderabad
Cars,Hyderabad
Cars,TEMPE
{"level":"info","message":"Flights,undefined,undefined","timestamp":"2017-12-01T02:26:38.016Z"}
{"level":"info","message":"Flights,undefined,undefined","timestamp":"2017-12-01T02:31:29.400Z"}
{"level":"info","message":"Flights,undefined,undefined","timestamp":"2017-12-01T02:33:29.403Z"}
{"level":"info","message":"Flights,undefined,undefined","timestamp":"2017-12-01T02:36:41.353Z"}
{"level":"info","message":"Flights,undefined,undefined","timestamp":"2017-12-01T02:39:24.649Z"}
{"level":"info","message":"Flights,undefined,undefined","timestamp":"2017-12-01T02:55:07.708Z"}
{"level":"info","message":"Flights,undefined,undefined","timestamp":"2017-12-01T02:58:41.386Z"}
{"level":"info","message":"Flights,undefined,undefined","timestamp":"2017-12-01T02:59:51.664Z"}
{"level":"info","message":"Flights,undefined,undefined","timestamp":"2017-12-01T03:02:22.120Z"}
{"level":"info","message":"Flights,undefined,undefined","timestamp":"2017-12-01T03:12:07.756Z"}
{"level":"info","message":"Flights,undefined,undefined","timestamp":"2017-12-01T03:14:07.760Z"}
{"level":"info","message":"Flights,undefined,undefined","timestamp":"2017-12-01T03:17:10.185Z"}
{"level":"info","message":"Flights,undefined,undefined","timestamp":"2017-12-01T03:19:00.688Z"}
{"level":"info","message":"Flights,undefined,undefined","timestamp":"2017-12-01T03:19:59.904Z"}
{"level":"info","message":"Flights,undefined,undefined","timestamp":"2017-12-01T03:23:43.458Z"}
{"level":"info","message":"Flights,undefined,undefined","timestamp":"2017-12-01T03:25:43.456Z"}
{"level":"info","message":"Flights,undefined,undefined","timestamp":"2017-12-01T04:00:17.930Z"}
{"level":"info","message":"Flights,undefined,undefined","timestamp":"2017-12-01T06:23:53.728Z"}
{"level":"info","message":"Flights,undefined,undefined","timestamp":"2017-12-01T06:38:16.605Z"}
{"level":"info","message":"Flights,undefined,undefined","timestamp":"2017-12-01T06:38:42.487Z"}
{"level":"info","message":"Flights,undefined,undefined","timestamp":"2017-12-01T07:33:24.216Z"}
{"level":"info","message":"Flights,undefined,undefined","timestamp":"2017-12-01T09:11:27.352Z"}
{"level":"info","message":"Flights,undefined,undefined","timestamp":"2017-12-01T09:11:32.546Z"}
